<?xml version="1.0" encoding="UTF-8"?>
<!-- Generated by org.testng.reporters.JUnitReportReporter -->
<testsuite hostname="PRINHYLTPHP0388" name="testCases.ExecuteTest" tests="1" failures="0" timestamp="15 Dec 2014 09:27:24 GMT" time="11.256" errors="0">
  <testcase name="testLogin" time="11.256" classname="testCases.ExecuteTest"/>
</testsuite> <!-- testCases.ExecuteTest -->
